05/09/2017
- added files: 
src/.deps/QCADesigner-coherence_vector_energy_properties_dialog.Po
src/.deps/QCADesigner-coherence_vector_energy.Po
src/.deps/batch_sim-coherence_vector_energy.Po
src/coherence_vector_energy_properties_dialog.h src/coherence_vector_energy_properties_dialog.c
src/coherence_vector_energy.h src/coherence_vector_energy.c

- modified files:
src/Makefile.in, src/Makefile.am
src/simulation.c src/simulation.h
src/ojects/QCADCell.c src/ojects/QCADCell.h
src/sim_engine_setup_diaglog.c src/sim_engine_setup_diaglog.h
src/fileio.c src/fileio.h
src/callbacks.c src/callback_helpers.h
src/main_batch_sim.c
src/global_consts.h

- new options
coherence_vector_energy simulation can be chosen 
modified options for coherence_vector_energy simulation
cells can have the option "Ignore Dissipation Energy", which ignores the cell energy at energy simulations
definition of coordinates for exact energy data logging into file Diss.trace
frequency of input signals can be changed (input_period)

known issues
- Multi-layer information of 2.0.4 standard QCA might get lost
- 
