This file contains any messages produced by compilers while
running configure, to aid debugging if configure makes a mistake.

It was created by configure, which was
generated by GNU Autoconf 2.68.  Invocation command line was

  $ ./configure --prefix=/home/frank/QCA/QCAEnergy

## --------- ##
## Platform. ##
## --------- ##

hostname = vlsi.localdomain
uname -m = x86_64
uname -r = 2.6.32-696.23.1.el6.centos.plus.x86_64
uname -s = Linux
uname -v = #1 SMP Wed Mar 14 11:51:06 UTC 2018

/usr/bin/uname -p = unknown
/bin/uname -X     = unknown

/bin/arch              = x86_64
/usr/bin/arch -k       = unknown
/usr/convex/getsysinfo = unknown
/usr/bin/hostinfo      = unknown
/bin/machine           = unknown
/usr/bin/oslevel       = unknown
/bin/universe          = unknown

PATH: /usr/lib64/qt-3.3/bin
PATH: /usr/local/bin
PATH: /usr/bin
PATH: /bin
PATH: /usr/local/sbin
PATH: /usr/sbin
PATH: /sbin
PATH: /usr/local/Synopsys/HSpice/hspice/bin
PATH: /usr/local/Synopsys/CosmosScope/ai_bin
PATH: /usr/local/Synopsys/CustomDesigner/bin
PATH: /usr/local/Synopsys/CustomExplorer/bin
PATH: /usr/local/Synopsys/Milkyway/bin/SUSE.64
PATH: /usr/local/Synopsys/ICC/bin
PATH: /usr/local/Synopsys/VCS/bin
PATH: /usr/local/Synopsys/CustomView/bin
PATH: /usr/local/Synopsys/CustomSim/bin
PATH: /usr/local/Synopsys/CustomSimXA/bin
PATH: /usr/local/Synopsys/CustomSimHSIM/hsimplus/bin
PATH: /usr/local/Synopsys/SiliconSmart/bin
PATH: /usr/local/Synopsys/Syn/bin
PATH: /usr/local/Synopsys/PrimeTime/bin
PATH: /usr/local/Synopsys/Medici/bin
PATH: /usr/local/Synopsys/Sentaurus/bin
PATH: /usr/local/Synopsys/TSupreme4/bin
PATH: /usr/local/Synopsys/HSIMplus/hsimplus/bin
PATH: /usr/local/Cadence/IC/tools/dfII/bin/
PATH: /usr/local/Cadence/IC/tools/bin
PATH: /usr/local/Cadence/ASSURA/tools/bin
PATH: /usr/local/Cadence/MMSIM/tools/bin
PATH: /usr/local/Cadence/INCISIV/tools/bin
PATH: /usr/local/Cadence/RC/tools/bin
PATH: /usr/local/Cadence/EDI/tools/bin
PATH: /usr/local/Cadence/ETS/tools/bin
PATH: /usr/local/Cadence/JASPER/bin
PATH: /usr/local/Cadence/OA/bin
PATH: /usr/local/Cadence/LIBERATE/bin
PATH: /usr/local/Cadence/INNOVUS/bin
PATH: /usr/local/Cadence/GENUS/bin
PATH: /usr/local/Cadence/EXT/bin
PATH: /usr/local/Cadence/SPECTRE/bin
PATH: /usr/local/Mentor/Calibre/aoi_cal_2015.2_27.20/bin/
PATH: /usr/local/Deskits/STM65//DK_cmos065lpgp_RF_7m4x0y2z_2V51V8/5.3.7/bin
PATH: /home/frank/bin
PATH: /usr/local/Synopsys/HSpice/hspice/bin
PATH: /usr/local/Synopsys/CosmosScope/ai_bin
PATH: /usr/local/Synopsys/CustomDesigner/bin
PATH: /usr/local/Synopsys/CustomExplorer/bin
PATH: /usr/local/Synopsys/Milkyway/bin/SUSE.64
PATH: /usr/local/Synopsys/ICC/bin
PATH: /usr/local/Synopsys/VCS/bin
PATH: /usr/local/Synopsys/CustomView/bin
PATH: /usr/local/Synopsys/CustomSim/bin
PATH: /usr/local/Synopsys/CustomSimXA/bin
PATH: /usr/local/Synopsys/CustomSimHSIM/hsimplus/bin
PATH: /usr/local/Synopsys/SiliconSmart/bin
PATH: /usr/local/Synopsys/Syn/bin
PATH: /usr/local/Synopsys/PrimeTime/bin
PATH: /usr/local/Synopsys/Medici/bin
PATH: /usr/local/Synopsys/Sentaurus/bin
PATH: /usr/local/Synopsys/TSupreme4/bin
PATH: /usr/local/Synopsys/HSIMplus/hsimplus/bin
PATH: /usr/local/Cadence/IC/tools/dfII/bin/
PATH: /usr/local/Cadence/IC/tools/bin
PATH: /usr/local/Cadence/ASSURA/tools/bin
PATH: /usr/local/Cadence/MMSIM/tools/bin
PATH: /usr/local/Cadence/INCISIV/tools/bin
PATH: /usr/local/Cadence/RC/tools/bin
PATH: /usr/local/Cadence/EDI/tools/bin
PATH: /usr/local/Cadence/ETS/tools/bin
PATH: /usr/local/Cadence/JASPER/bin
PATH: /usr/local/Cadence/OA/bin
PATH: /usr/local/Cadence/LIBERATE/bin
PATH: /usr/local/Cadence/INNOVUS/bin
PATH: /usr/local/Cadence/GENUS/bin
PATH: /usr/local/Cadence/EXT/bin
PATH: /usr/local/Cadence/SPECTRE/bin
PATH: /usr/local/Mentor/Calibre/aoi_cal_2015.2_27.20/bin/
PATH: /usr/local/Deskits/STM65//DK_cmos065lpgp_RF_7m4x0y2z_2V51V8/5.3.7/bin


## ----------- ##
## Core tests. ##
## ----------- ##

configure:2234: checking for a BSD-compatible install
configure:2302: result: /usr/bin/install -c
configure:2313: checking whether build environment is sane
configure:2363: result: yes
configure:2504: checking for a thread-safe mkdir -p
configure:2543: result: /bin/mkdir -p
configure:2556: checking for gawk
configure:2572: found /usr/bin/gawk
configure:2583: result: gawk
configure:2594: checking whether make sets $(MAKE)
configure:2616: result: yes
configure:2697: checking whether to enable maintainer-specific portions of Makefiles
configure:2706: result: no
configure:2732: checking for style of include used by make
configure:2760: result: GNU
configure:2831: checking for gcc
configure:2847: found /usr/bin/gcc
configure:2858: result: gcc
configure:3087: checking for C compiler version
configure:3096: gcc --version >&5
gcc (GCC) 4.4.7 20120313 (Red Hat 4.4.7-18)
Copyright (C) 2010 Free Software Foundation, Inc.
This is free software; see the source for copying conditions.  There is NO
warranty; not even for MERCHANTABILITY or FITNESS FOR A PARTICULAR PURPOSE.

configure:3107: $? = 0
configure:3096: gcc -v >&5
Using built-in specs.
Target: x86_64-redhat-linux
Configured with: ../configure --prefix=/usr --mandir=/usr/share/man --infodir=/usr/share/info --with-bugurl=http://bugzilla.redhat.com/bugzilla --enable-bootstrap --enable-shared --enable-threads=posix --enable-checking=release --with-system-zlib --enable-__cxa_atexit --disable-libunwind-exceptions --enable-gnu-unique-object --enable-languages=c,c++,objc,obj-c++,java,fortran,ada --enable-java-awt=gtk --disable-dssi --with-java-home=/usr/lib/jvm/java-1.5.0-gcj-1.5.0.0/jre --enable-libgcj-multifile --enable-java-maintainer-mode --with-ecj-jar=/usr/share/java/eclipse-ecj.jar --disable-libjava-multilib --with-ppl --with-cloog --with-tune=generic --with-arch_32=i686 --build=x86_64-redhat-linux
Thread model: posix
gcc version 4.4.7 20120313 (Red Hat 4.4.7-18) (GCC) 
configure:3107: $? = 0
configure:3096: gcc -V >&5
gcc: '-V' option must have argument
configure:3107: $? = 1
configure:3096: gcc -qversion >&5
gcc: unrecognized option '-qversion'
gcc: no input files
configure:3107: $? = 1
configure:3127: checking whether the C compiler works
configure:3149: gcc    conftest.c  >&5
configure:3153: $? = 0
configure:3201: result: yes
configure:3204: checking for C compiler default output file name
configure:3206: result: a.out
configure:3212: checking for suffix of executables
configure:3219: gcc -o conftest    conftest.c  >&5
configure:3223: $? = 0
configure:3245: result: 
configure:3267: checking whether we are cross compiling
configure:3275: gcc -o conftest    conftest.c  >&5
configure:3279: $? = 0
configure:3286: ./conftest
configure:3290: $? = 0
configure:3305: result: no
configure:3310: checking for suffix of object files
configure:3332: gcc -c   conftest.c >&5
configure:3336: $? = 0
configure:3357: result: o
configure:3361: checking whether we are using the GNU C compiler
configure:3380: gcc -c   conftest.c >&5
configure:3380: $? = 0
configure:3389: result: yes
configure:3398: checking whether gcc accepts -g
configure:3418: gcc -c -g  conftest.c >&5
configure:3418: $? = 0
configure:3459: result: yes
configure:3476: checking for gcc option to accept ISO C89
configure:3540: gcc  -c -g -O2  conftest.c >&5
configure:3540: $? = 0
configure:3553: result: none needed
configure:3575: checking dependency style of gcc
configure:3686: result: gcc3
configure:3702: checking for library containing strerror
configure:3733: gcc -o conftest -g -O2   conftest.c  >&5
configure:3733: $? = 0
configure:3750: result: none required
configure:3762: checking build system type
configure:3776: result: x86_64-unknown-linux-gnu
configure:3796: checking host system type
configure:3809: result: x86_64-unknown-linux-gnu
configure:3877: checking for gcc
configure:3904: result: gcc
configure:4133: checking for C compiler version
configure:4142: gcc --version >&5
gcc (GCC) 4.4.7 20120313 (Red Hat 4.4.7-18)
Copyright (C) 2010 Free Software Foundation, Inc.
This is free software; see the source for copying conditions.  There is NO
warranty; not even for MERCHANTABILITY or FITNESS FOR A PARTICULAR PURPOSE.

configure:4153: $? = 0
configure:4142: gcc -v >&5
Using built-in specs.
Target: x86_64-redhat-linux
Configured with: ../configure --prefix=/usr --mandir=/usr/share/man --infodir=/usr/share/info --with-bugurl=http://bugzilla.redhat.com/bugzilla --enable-bootstrap --enable-shared --enable-threads=posix --enable-checking=release --with-system-zlib --enable-__cxa_atexit --disable-libunwind-exceptions --enable-gnu-unique-object --enable-languages=c,c++,objc,obj-c++,java,fortran,ada --enable-java-awt=gtk --disable-dssi --with-java-home=/usr/lib/jvm/java-1.5.0-gcj-1.5.0.0/jre --enable-libgcj-multifile --enable-java-maintainer-mode --with-ecj-jar=/usr/share/java/eclipse-ecj.jar --disable-libjava-multilib --with-ppl --with-cloog --with-tune=generic --with-arch_32=i686 --build=x86_64-redhat-linux
Thread model: posix
gcc version 4.4.7 20120313 (Red Hat 4.4.7-18) (GCC) 
configure:4153: $? = 0
configure:4142: gcc -V >&5
gcc: '-V' option must have argument
configure:4153: $? = 1
configure:4142: gcc -qversion >&5
gcc: unrecognized option '-qversion'
gcc: no input files
configure:4153: $? = 1
configure:4157: checking whether we are using the GNU C compiler
configure:4185: result: yes
configure:4194: checking whether gcc accepts -g
configure:4255: result: yes
configure:4272: checking for gcc option to accept ISO C89
configure:4349: result: none needed
configure:4371: checking dependency style of gcc
configure:4482: result: gcc3
configure:4545: checking for gcc
configure:4572: result: gcc
configure:4801: checking for C compiler version
configure:4810: gcc --version >&5
gcc (GCC) 4.4.7 20120313 (Red Hat 4.4.7-18)
Copyright (C) 2010 Free Software Foundation, Inc.
This is free software; see the source for copying conditions.  There is NO
warranty; not even for MERCHANTABILITY or FITNESS FOR A PARTICULAR PURPOSE.

configure:4821: $? = 0
configure:4810: gcc -v >&5
Using built-in specs.
Target: x86_64-redhat-linux
Configured with: ../configure --prefix=/usr --mandir=/usr/share/man --infodir=/usr/share/info --with-bugurl=http://bugzilla.redhat.com/bugzilla --enable-bootstrap --enable-shared --enable-threads=posix --enable-checking=release --with-system-zlib --enable-__cxa_atexit --disable-libunwind-exceptions --enable-gnu-unique-object --enable-languages=c,c++,objc,obj-c++,java,fortran,ada --enable-java-awt=gtk --disable-dssi --with-java-home=/usr/lib/jvm/java-1.5.0-gcj-1.5.0.0/jre --enable-libgcj-multifile --enable-java-maintainer-mode --with-ecj-jar=/usr/share/java/eclipse-ecj.jar --disable-libjava-multilib --with-ppl --with-cloog --with-tune=generic --with-arch_32=i686 --build=x86_64-redhat-linux
Thread model: posix
gcc version 4.4.7 20120313 (Red Hat 4.4.7-18) (GCC) 
configure:4821: $? = 0
configure:4810: gcc -V >&5
gcc: '-V' option must have argument
configure:4821: $? = 1
configure:4810: gcc -qversion >&5
gcc: unrecognized option '-qversion'
gcc: no input files
configure:4821: $? = 1
configure:4825: checking whether we are using the GNU C compiler
configure:4853: result: yes
configure:4862: checking whether gcc accepts -g
configure:4923: result: yes
configure:4940: checking for gcc option to accept ISO C89
configure:5017: result: none needed
configure:5039: checking dependency style of gcc
configure:5150: result: gcc3
configure:5169: checking whether gcc and cc understand -c and -o together
configure:5200: gcc -c conftest.c -o conftest2.o >&5
configure:5204: $? = 0
configure:5210: gcc -c conftest.c -o conftest2.o >&5
configure:5214: $? = 0
configure:5225: cc -c conftest.c >&5
configure:5229: $? = 0
configure:5237: cc -c conftest.c -o conftest2.o >&5
configure:5241: $? = 0
configure:5247: cc -c conftest.c -o conftest2.o >&5
configure:5251: $? = 0
configure:5269: result: yes
configure:5299: checking how to run the C preprocessor
configure:5330: gcc -E  conftest.c
configure:5330: $? = 0
configure:5344: gcc -E  conftest.c
conftest.c:11:28: error: ac_nonexistent.h: No such file or directory
configure:5344: $? = 1
configure: failed program was:
| /* confdefs.h */
| #define PACKAGE_NAME ""
| #define PACKAGE_TARNAME ""
| #define PACKAGE_VERSION ""
| #define PACKAGE_STRING ""
| #define PACKAGE_BUGREPORT ""
| #define PACKAGE_URL ""
| #define PACKAGE "QCADesigner"
| #define VERSION "2.2"
| /* end confdefs.h.  */
| #include <ac_nonexistent.h>
configure:5369: result: gcc -E
configure:5389: gcc -E  conftest.c
configure:5389: $? = 0
configure:5403: gcc -E  conftest.c
conftest.c:11:28: error: ac_nonexistent.h: No such file or directory
configure:5403: $? = 1
configure: failed program was:
| /* confdefs.h */
| #define PACKAGE_NAME ""
| #define PACKAGE_TARNAME ""
| #define PACKAGE_VERSION ""
| #define PACKAGE_STRING ""
| #define PACKAGE_BUGREPORT ""
| #define PACKAGE_URL ""
| #define PACKAGE "QCADesigner"
| #define VERSION "2.2"
| /* end confdefs.h.  */
| #include <ac_nonexistent.h>
configure:5432: checking for grep that handles long lines and -e
configure:5490: result: /bin/grep
configure:5495: checking for egrep
configure:5557: result: /bin/grep -E
configure:5562: checking for ANSI C header files
configure:5582: gcc -c -g -O2  conftest.c >&5
configure:5582: $? = 0
configure:5655: gcc -o conftest -g -O2   conftest.c  >&5
configure:5655: $? = 0
configure:5655: ./conftest
configure:5655: $? = 0
configure:5666: result: yes
configure:5687: checking for pkg-config
configure:5705: found /usr/bin/pkg-config
configure:5718: result: /usr/bin/pkg-config
configure:5729: checking for librsvg
configure:5738: result: no
configure:5857: checking pkg-config is at least version 0.9.0
configure:5860: result: yes
configure:5870: checking for GTK
configure:5877: $PKG_CONFIG --exists --print-errors "$pkg_modules"
configure:5880: $? = 0
configure:5894: $PKG_CONFIG --exists --print-errors "$pkg_modules"
configure:5897: $? = 0
configure:5955: result: yes
configure:5968: checking for GTHREAD
configure:5975: $PKG_CONFIG --exists --print-errors "$pkg_modules"
configure:5978: $? = 0
configure:5992: $PKG_CONFIG --exists --print-errors "$pkg_modules"
configure:5995: $? = 0
configure:6053: result: yes
configure:6075: checking for GLIB
configure:6082: $PKG_CONFIG --exists --print-errors "$pkg_modules"
configure:6085: $? = 0
configure:6099: $PKG_CONFIG --exists --print-errors "$pkg_modules"
configure:6102: $? = 0
configure:6160: result: yes
configure:6168: checking for GOBJECT
configure:6175: $PKG_CONFIG --exists --print-errors "$pkg_modules"
configure:6178: $? = 0
configure:6192: $PKG_CONFIG --exists --print-errors "$pkg_modules"
configure:6195: $? = 0
configure:6253: result: yes
configure:6294: checking for sys/types.h
configure:6294: gcc -c -g -O2 -Wall  conftest.c >&5
configure:6294: $? = 0
configure:6294: result: yes
configure:6294: checking for sys/stat.h
configure:6294: gcc -c -g -O2 -Wall  conftest.c >&5
configure:6294: $? = 0
configure:6294: result: yes
configure:6294: checking for stdlib.h
configure:6294: gcc -c -g -O2 -Wall  conftest.c >&5
configure:6294: $? = 0
configure:6294: result: yes
configure:6294: checking for string.h
configure:6294: gcc -c -g -O2 -Wall  conftest.c >&5
configure:6294: $? = 0
configure:6294: result: yes
configure:6294: checking for memory.h
configure:6294: gcc -c -g -O2 -Wall  conftest.c >&5
configure:6294: $? = 0
configure:6294: result: yes
configure:6294: checking for strings.h
configure:6294: gcc -c -g -O2 -Wall  conftest.c >&5
configure:6294: $? = 0
configure:6294: result: yes
configure:6294: checking for inttypes.h
configure:6294: gcc -c -g -O2 -Wall  conftest.c >&5
configure:6294: $? = 0
configure:6294: result: yes
configure:6294: checking for stdint.h
configure:6294: gcc -c -g -O2 -Wall  conftest.c >&5
configure:6294: $? = 0
configure:6294: result: yes
configure:6294: checking for unistd.h
configure:6294: gcc -c -g -O2 -Wall  conftest.c >&5
configure:6294: $? = 0
configure:6294: result: yes
configure:6309: checking locale.h usability
configure:6309: gcc -c -g -O2 -Wall  conftest.c >&5
configure:6309: $? = 0
configure:6309: result: yes
configure:6309: checking locale.h presence
configure:6309: gcc -E  conftest.c
configure:6309: $? = 0
configure:6309: result: yes
configure:6309: checking for locale.h
configure:6309: result: yes
configure:6320: checking for LC_MESSAGES
configure:6336: gcc -o conftest -g -O2 -Wall   conftest.c  >&5
configure:6336: $? = 0
configure:6344: result: yes
configure:6361: checking libintl.h usability
configure:6361: gcc -c -g -O2 -Wall  conftest.c >&5
configure:6361: $? = 0
configure:6361: result: yes
configure:6361: checking libintl.h presence
configure:6361: gcc -E  conftest.c
configure:6361: $? = 0
configure:6361: result: yes
configure:6361: checking for libintl.h
configure:6361: result: yes
configure:6369: checking for ngettext in libc
configure:6387: gcc -o conftest -g -O2 -Wall   conftest.c  >&5
configure:6387: $? = 0
configure:6396: result: yes
configure:6400: checking for dgettext in libc
configure:6418: gcc -o conftest -g -O2 -Wall   conftest.c  >&5
configure:6418: $? = 0
configure:6427: result: yes
configure:6434: checking for bind_textdomain_codeset
configure:6434: gcc -o conftest -g -O2 -Wall   conftest.c  >&5
configure:6434: $? = 0
configure:6434: result: yes
configure:6710: checking for msgfmt
configure:6737: result: /usr/bin/msgfmt
configure:6748: checking for dcgettext
configure:6748: gcc -o conftest -g -O2 -Wall   conftest.c   >&5
conftest.c:50: warning: conflicting types for built-in function 'dcgettext'
configure:6748: $? = 0
configure:6748: result: yes
configure:6758: checking if msgfmt accepts -c
configure:6773: $MSGFMT -c -o /dev/null conftest.foo
configure:6776: $? = 0
configure:6778: result: yes
configure:6788: checking for gmsgfmt
configure:6819: result: /usr/bin/msgfmt
configure:6829: checking for xgettext
configure:6856: result: /usr/bin/xgettext
configure:6875: gcc -o conftest -g -O2 -Wall   conftest.c   >&5
configure:6875: $? = 0
configure:6957: checking for catalogs to be installed
configure:6982: result:  de hu ro fr
configure:7206: creating ./config.status

## ---------------------- ##
## Running config.status. ##
## ---------------------- ##

This file was extended by config.status, which was
generated by GNU Autoconf 2.68.  Invocation command line was

  CONFIG_FILES    = 
  CONFIG_HEADERS  = 
  CONFIG_LINKS    = 
  CONFIG_COMMANDS = 
  $ ./config.status 

on vlsi.localdomain

config.status:837: creating Makefile
config.status:837: creating src/Makefile
config.status:837: creating po/Makefile.in
config.status:837: creating docs/Makefile
config.status:837: creating pixmaps/Makefile
config.status:837: creating QCADesignerE.desktop
config.status:837: creating graph_dialog.desktop
config.status:837: creating QCADesignerE-win32.iss
config.status:1009: executing depfiles commands
config.status:1009: executing default-1 commands

## ---------------- ##
## Cache variables. ##
## ---------------- ##

ac_cv_build=x86_64-unknown-linux-gnu
ac_cv_c_compiler_gnu=yes
ac_cv_env_CC_set=
ac_cv_env_CC_value=
ac_cv_env_CFLAGS_set=
ac_cv_env_CFLAGS_value=
ac_cv_env_CPPFLAGS_set=
ac_cv_env_CPPFLAGS_value=
ac_cv_env_CPP_set=
ac_cv_env_CPP_value=
ac_cv_env_GLIB_CFLAGS_set=
ac_cv_env_GLIB_CFLAGS_value=
ac_cv_env_GLIB_LIBS_set=
ac_cv_env_GLIB_LIBS_value=
ac_cv_env_GOBJECT_CFLAGS_set=
ac_cv_env_GOBJECT_CFLAGS_value=
ac_cv_env_GOBJECT_LIBS_set=
ac_cv_env_GOBJECT_LIBS_value=
ac_cv_env_GTHREAD_CFLAGS_set=
ac_cv_env_GTHREAD_CFLAGS_value=
ac_cv_env_GTHREAD_LIBS_set=
ac_cv_env_GTHREAD_LIBS_value=
ac_cv_env_GTK_CFLAGS_set=
ac_cv_env_GTK_CFLAGS_value=
ac_cv_env_GTK_LIBS_set=
ac_cv_env_GTK_LIBS_value=
ac_cv_env_LDFLAGS_set=
ac_cv_env_LDFLAGS_value=
ac_cv_env_LIBS_set=
ac_cv_env_LIBS_value=
ac_cv_env_PKG_CONFIG_LIBDIR_set=
ac_cv_env_PKG_CONFIG_LIBDIR_value=
ac_cv_env_PKG_CONFIG_PATH_set=
ac_cv_env_PKG_CONFIG_PATH_value=
ac_cv_env_PKG_CONFIG_set=
ac_cv_env_PKG_CONFIG_value=
ac_cv_env_build_alias_set=
ac_cv_env_build_alias_value=
ac_cv_env_host_alias_set=
ac_cv_env_host_alias_value=
ac_cv_env_target_alias_set=
ac_cv_env_target_alias_value=
ac_cv_func_bind_textdomain_codeset=yes
ac_cv_func_dcgettext=yes
ac_cv_header_inttypes_h=yes
ac_cv_header_libintl_h=yes
ac_cv_header_locale_h=yes
ac_cv_header_memory_h=yes
ac_cv_header_stdc=yes
ac_cv_header_stdint_h=yes
ac_cv_header_stdlib_h=yes
ac_cv_header_string_h=yes
ac_cv_header_strings_h=yes
ac_cv_header_sys_stat_h=yes
ac_cv_header_sys_types_h=yes
ac_cv_header_unistd_h=yes
ac_cv_host=x86_64-unknown-linux-gnu
ac_cv_objext=o
ac_cv_path_EGREP='/bin/grep -E'
ac_cv_path_GMSGFMT=/usr/bin/msgfmt
ac_cv_path_GREP=/bin/grep
ac_cv_path_MSGFMT=/usr/bin/msgfmt
ac_cv_path_PKG_CONFIG=/usr/bin/pkg-config
ac_cv_path_XGETTEXT=/usr/bin/xgettext
ac_cv_path_install='/usr/bin/install -c'
ac_cv_path_mkdir=/bin/mkdir
ac_cv_prog_AWK=gawk
ac_cv_prog_CPP='gcc -E'
ac_cv_prog_ac_ct_CC=gcc
ac_cv_prog_cc_c89=
ac_cv_prog_cc_g=yes
ac_cv_prog_cc_gcc_c_o=yes
ac_cv_prog_make_make_set=yes
ac_cv_search_strerror='none required'
am_cv_CC_dependencies_compiler_type=gcc3
am_cv_prog_cc_stdc=
am_cv_val_LC_MESSAGES=yes
gt_cv_func_dgettext_libc=yes
gt_cv_func_dgettext_libintl=no
gt_cv_func_ngettext_libc=yes
gt_cv_have_gettext=yes
pkg_cv_GLIB_CFLAGS='-I/usr/include/glib-2.0 -I/usr/lib64/glib-2.0/include  '
pkg_cv_GLIB_LIBS='-lglib-2.0  '
pkg_cv_GOBJECT_CFLAGS='-pthread -I/usr/include/glib-2.0 -I/usr/lib64/glib-2.0/include  '
pkg_cv_GOBJECT_LIBS='-pthread -lgobject-2.0 -lgthread-2.0 -lrt -lglib-2.0  '
pkg_cv_GTHREAD_CFLAGS='-pthread -I/usr/include/glib-2.0 -I/usr/lib64/glib-2.0/include  '
pkg_cv_GTHREAD_LIBS='-pthread -lgthread-2.0 -lrt -lglib-2.0  '
pkg_cv_GTK_CFLAGS='-pthread -I/usr/include/gtk-2.0 -I/usr/lib64/gtk-2.0/include -I/usr/include/atk-1.0 -I/usr/include/cairo -I/usr/include/gdk-pixbuf-2.0 -I/usr/include/pango-1.0 -I/usr/include/glib-2.0 -I/usr/lib64/glib-2.0/include -I/usr/include/pixman-1 -I/usr/include/freetype2 -I/usr/include/libpng12  '
pkg_cv_GTK_LIBS='-pthread -lgtk-x11-2.0 -lgdk-x11-2.0 -latk-1.0 -lgio-2.0 -lpangoft2-1.0 -lpangocairo-1.0 -lgdk_pixbuf-2.0 -lcairo -lpango-1.0 -lfreetype -lfontconfig -lgobject-2.0 -lgmodule-2.0 -lgthread-2.0 -lrt -lglib-2.0  '

## ----------------- ##
## Output variables. ##
## ----------------- ##

ACLOCAL='${SHELL} /home/frank/QCA/QCAEnergy/src/missing --run aclocal-1.11'
AMDEPBACKSLASH='\'
AMDEP_FALSE='#'
AMDEP_TRUE=''
AMTAR='$${TAR-tar}'
AUTOCONF='${SHELL} /home/frank/QCA/QCAEnergy/src/missing --run autoconf'
AUTOHEADER='${SHELL} /home/frank/QCA/QCAEnergy/src/missing --run autoheader'
AUTOMAKE='${SHELL} /home/frank/QCA/QCAEnergy/src/missing --run automake-1.11'
AWK='gawk'
CATALOGS=' de.gmo hu.gmo ro.gmo fr.gmo'
CATOBJEXT='.gmo'
CC='gcc'
CCDEPMODE='depmode=gcc3'
CFLAGS='-g -O2 -Wall'
CPP='gcc -E'
CPPFLAGS=''
CYGPATH_W='echo'
DATADIRNAME='share'
DEFS='-DPACKAGE_NAME=\"\" -DPACKAGE_TARNAME=\"\" -DPACKAGE_VERSION=\"\" -DPACKAGE_STRING=\"\" -DPACKAGE_BUGREPORT=\"\" -DPACKAGE_URL=\"\" -DPACKAGE=\"QCADesigner\" -DVERSION=\"2.2\" -DSTDC_HEADERS=1 -DGETTEXT_PACKAGE=\"QCADesigner\" -DPACKAGE_SOURCE_DIR=\"/home/frank/QCA/QCAEnergy/src\" -DHAVE_SYS_TYPES_H=1 -DHAVE_SYS_STAT_H=1 -DHAVE_STDLIB_H=1 -DHAVE_STRING_H=1 -DHAVE_MEMORY_H=1 -DHAVE_STRINGS_H=1 -DHAVE_INTTYPES_H=1 -DHAVE_STDINT_H=1 -DHAVE_UNISTD_H=1 -DHAVE_LOCALE_H=1 -DHAVE_LC_MESSAGES=1 -DHAVE_BIND_TEXTDOMAIN_CODESET=1 -DHAVE_GETTEXT=1 -DHAVE_DCGETTEXT=1 -DENABLE_NLS=1'
DEPDIR='.deps'
ECHO_C=''
ECHO_N='-n'
ECHO_T=''
EGREP='/bin/grep -E'
EXEEXT=''
GETTEXT_PACKAGE='QCADesigner'
GLIB_CFLAGS='-I/usr/include/glib-2.0 -I/usr/lib64/glib-2.0/include  '
GLIB_LIBS='-lglib-2.0  '
GMOFILES=' de.gmo hu.gmo ro.gmo fr.gmo'
GMSGFMT='/usr/bin/msgfmt'
GOBJECT_CFLAGS='-pthread -I/usr/include/glib-2.0 -I/usr/lib64/glib-2.0/include  '
GOBJECT_LIBS='-pthread -lgobject-2.0 -lgthread-2.0 -lrt -lglib-2.0  '
GREP='/bin/grep'
GTHREAD_CFLAGS='-pthread -I/usr/include/glib-2.0 -I/usr/lib64/glib-2.0/include  '
GTHREAD_LIBS='-pthread -lgthread-2.0 -lrt -lglib-2.0  '
GTK_CFLAGS='-pthread -I/usr/include/gtk-2.0 -I/usr/lib64/gtk-2.0/include -I/usr/include/atk-1.0 -I/usr/include/cairo -I/usr/include/gdk-pixbuf-2.0 -I/usr/include/pango-1.0 -I/usr/include/glib-2.0 -I/usr/lib64/glib-2.0/include -I/usr/include/pixman-1 -I/usr/include/freetype2 -I/usr/include/libpng12   -I/usr/include/cairo -I/usr/include/pixman-1 -I/usr/include/freetype2 -I/usr/include/libpng12  '
GTK_LIBS='-pthread -lgtk-x11-2.0 -lgdk-x11-2.0 -latk-1.0 -lgio-2.0 -lpangoft2-1.0 -lpangocairo-1.0 -lgdk_pixbuf-2.0 -lcairo -lpango-1.0 -lfreetype -lfontconfig -lgobject-2.0 -lgmodule-2.0 -lgthread-2.0 -lrt -lglib-2.0   -lcairo  '
ICON_EXT='_0_48x48x24a.png'
INSTALL_DATA='${INSTALL} -m 644'
INSTALL_PROGRAM='${INSTALL}'
INSTALL_SCRIPT='${INSTALL}'
INSTALL_STRIP_PROGRAM='$(install_sh) -c -s'
INSTOBJEXT='.mo'
INTLLIBS=''
LDFLAGS=''
LIBOBJS=''
LIBS=''
LTLIBOBJS=''
MAINT='#'
MAINTAINER_MODE_FALSE=''
MAINTAINER_MODE_TRUE='#'
MAKEINFO='${SHELL} /home/frank/QCA/QCAEnergy/src/missing --run makeinfo'
MKDIR_P='/bin/mkdir -p'
MKINSTALLDIRS='./mkinstalldirs'
MSGFMT='/usr/bin/msgfmt'
MSGFMT_OPTS='-c'
OBJEXT='o'
PACKAGE='QCADesigner'
PACKAGE_BUGREPORT=''
PACKAGE_NAME=''
PACKAGE_STRING=''
PACKAGE_TARNAME=''
PACKAGE_URL=''
PACKAGE_VERSION=''
PATH_SEPARATOR=':'
PKG_CONFIG='/usr/bin/pkg-config'
PKG_CONFIG_LIBDIR=''
PKG_CONFIG_PATH=''
POFILES=' de.po hu.po ro.po fr.po'
POSUB='po'
PO_IN_DATADIR_FALSE=''
PO_IN_DATADIR_TRUE=''
SET_MAKE=''
SHELL='/bin/sh'
STRIP=''
USE_NLS='yes'
VERSION='2.2'
XGETTEXT='/usr/bin/xgettext'
ac_ct_CC='gcc'
am__EXEEXT_FALSE=''
am__EXEEXT_TRUE='#'
am__fastdepCC_FALSE='#'
am__fastdepCC_TRUE=''
am__include='include'
am__isrc=''
am__leading_dot='.'
am__nodep='_no'
am__quote=''
am__tar='$${TAR-tar} chof - "$$tardir"'
am__untar='$${TAR-tar} xf -'
bindir='${exec_prefix}/bin'
build='x86_64-unknown-linux-gnu'
build_alias=''
build_cpu='x86_64'
build_os='linux-gnu'
build_vendor='unknown'
datadir='${datarootdir}'
datarootdir='${prefix}/share'
docdir='${datarootdir}/doc/${PACKAGE}'
dvidir='${docdir}'
exec_prefix='${prefix}'
host='x86_64-unknown-linux-gnu'
host_alias=''
host_cpu='x86_64'
host_os='linux-gnu'
host_vendor='unknown'
htmldir='${docdir}'
includedir='${prefix}/include'
infodir='${datarootdir}/info'
install_sh='${SHELL} /home/frank/QCA/QCAEnergy/src/install-sh'
libdir='${exec_prefix}/lib'
libexecdir='${exec_prefix}/libexec'
localedir='${datarootdir}/locale'
localstatedir='${prefix}/var'
mandir='${datarootdir}/man'
mkdir_p='/bin/mkdir -p'
oldincludedir='/usr/include'
packagesrcdir='/home/frank/QCA/QCAEnergy/src'
pdfdir='${docdir}'
prefix='/home/frank/QCA/QCAEnergy'
program_transform_name='s&$$&E&'
psdir='${docdir}'
sbindir='${exec_prefix}/sbin'
sharedstatedir='${prefix}/com'
sysconfdir='${prefix}/etc'
target_alias=''

## ----------- ##
## confdefs.h. ##
## ----------- ##

/* confdefs.h */
#define PACKAGE_NAME ""
#define PACKAGE_TARNAME ""
#define PACKAGE_VERSION ""
#define PACKAGE_STRING ""
#define PACKAGE_BUGREPORT ""
#define PACKAGE_URL ""
#define PACKAGE "QCADesigner"
#define VERSION "2.2"
#define STDC_HEADERS 1
#define GETTEXT_PACKAGE "QCADesigner"
#define PACKAGE_SOURCE_DIR "/home/frank/QCA/QCAEnergy/src"
#define HAVE_SYS_TYPES_H 1
#define HAVE_SYS_STAT_H 1
#define HAVE_STDLIB_H 1
#define HAVE_STRING_H 1
#define HAVE_MEMORY_H 1
#define HAVE_STRINGS_H 1
#define HAVE_INTTYPES_H 1
#define HAVE_STDINT_H 1
#define HAVE_UNISTD_H 1
#define HAVE_LOCALE_H 1
#define HAVE_LC_MESSAGES 1
#define HAVE_BIND_TEXTDOMAIN_CODESET 1
#define HAVE_GETTEXT 1
#define HAVE_DCGETTEXT 1
#define ENABLE_NLS 1

configure: exit 0

## ---------------------- ##
## Running config.status. ##
## ---------------------- ##

This file was extended by config.status, which was
generated by GNU Autoconf 2.68.  Invocation command line was

  CONFIG_FILES    = 
  CONFIG_HEADERS  = 
  CONFIG_LINKS    = 
  CONFIG_COMMANDS = 
  $ ./config.status Makefile

on vlsi.localdomain

config.status:837: creating Makefile

## ---------------------- ##
## Running config.status. ##
## ---------------------- ##

This file was extended by config.status, which was
generated by GNU Autoconf 2.68.  Invocation command line was

  CONFIG_FILES    = 
  CONFIG_HEADERS  = 
  CONFIG_LINKS    = 
  CONFIG_COMMANDS = 
  $ ./config.status src/Makefile depfiles

on vlsi.localdomain

config.status:837: creating src/Makefile
config.status:1009: executing depfiles commands
